g:\project\datastruct\stack\debug\vc120.pdb
g:\project\datastruct\stack\debug\vc120.idb
g:\project\datastruct\stack\debug\stack.obj
g:\project\datastruct\stack\debug\顺序栈.obj
g:\project\datastruct\stack\debug\双栈.obj
g:\project\datastruct\debug\stack.pdb
g:\project\datastruct\stack\debug\stack.tlog\cl.read.1.tlog
g:\project\datastruct\stack\debug\stack.tlog\cl.write.1.tlog
g:\project\datastruct\stack\debug\stack.tlog\cl.command.1.tlog
g:\project\datastruct\stack\debug\stack.tlog\link.read.1.tlog
g:\project\datastruct\stack\debug\stack.tlog\link.write.1.tlog
g:\project\datastruct\stack\debug\stack.tlog\link.command.1.tlog
g:\project\datastruct\stack\debug\stack.tlog\link.84644-rc.read.1.tlog
g:\project\datastruct\stack\debug\stack.tlog\link.84644-rc.write.1.tlog
g:\project\datastruct\stack\debug\stack.tlog\link.84644-cvtres.read.1.tlog
g:\project\datastruct\stack\debug\stack.tlog\link.84644-cvtres.write.1.tlog
g:\project\datastruct\stack\debug\stack.tlog\link.84644.read.1.tlog
g:\project\datastruct\stack\debug\stack.tlog\link.84644.write.1.tlog
g:\project\datastruct\stack\debug\stack.tlog\link-rc.read.1.tlog
g:\project\datastruct\stack\debug\stack.tlog\link-rc.write.1.tlog
g:\project\datastruct\stack\debug\stack.tlog\link-cvtres.read.1.tlog
g:\project\datastruct\stack\debug\stack.tlog\link-cvtres.write.1.tlog
