生成启动时间为 2016-09-23 09:10:40。
     1>项目“G:\Project\DataStruct\stack\stack.vcxproj”在节点 2 上(Build 个目标)。
     1>ClCompile:
         E:\新建文件夹\VC\bin\CL.exe /c /ZI /nologo /W3 /WX- /sdl /Od /Oy- /D _MBCS /Gm /EHsc /RTC1 /MDd /GS /fp:precise /Zc:wchar_t /Zc:forScope /Fo"Debug\\" /Fd"Debug\vc120.pdb" /Gd /TC /analyze- /errorReport:prompt "双栈.c" "应用-斐波那契数列.c"
         应用-斐波那契数列.c
         双栈.c
     1>g:\project\datastruct\stack\双栈.c(68): warning C4047: “函数”:“SElementType”与“SElementType *”的间接级别不同
     1>g:\project\datastruct\stack\双栈.c(68): warning C4024: “Push1”: 形参和实参 2 的类型不同
         正在生成代码...
     1>g:\project\datastruct\stack\双栈.c(23): warning C4716: “InitStack1”: 必须返回一个值
     1>g:\project\datastruct\stack\应用-斐波那契数列.c(28): warning C4716: “main1”: 必须返回一个值
       Link:
         E:\新建文件夹\VC\bin\link.exe /ERRORREPORT:PROMPT /OUT:"G:\Project\DataStruct\Debug\stack.exe" /INCREMENTAL /NOLOGO kernel32.lib user32.lib gdi32.lib winspool.lib comdlg32.lib advapi32.lib shell32.lib ole32.lib oleaut32.lib uuid.lib odbc32.lib odbccp32.lib /MANIFEST /MANIFESTUAC:"level='asInvoker' uiAccess='false'" /manifest:embed /DEBUG /PDB:"G:\Project\DataStruct\Debug\stack.pdb" /TLBID:1 /DYNAMICBASE /NXCOMPAT /IMPLIB:"G:\Project\DataStruct\Debug\stack.lib" /MACHINE:X86 "Debug\双栈.obj"
         "Debug\应用-斐波那契数列.obj"
         "Debug\链式栈.obj"
         "Debug\顺序栈.obj"
         stack.vcxproj -> G:\Project\DataStruct\Debug\stack.exe
     1>已完成生成项目“G:\Project\DataStruct\stack\stack.vcxproj”(Build 个目标)的操作。

生成成功。

已用时间 00:00:02.80
